<?xml version="1.0" encoding="UTF-8"?>
<testsuite name="ComputerRepairRequestTest" tests="2" skipped="0" failures="0" errors="0" timestamp="2025-03-07T10:06:58" hostname="ASUSROGSTRIXG17" time="0.017">
  <properties/>
  <testcase name="First test" classname="ComputerRepairRequestTest" time="0.015"/>
  <testcase name="Test Exemplu" classname="ComputerRepairRequestTest" time="0.001"/>
  <system-out><![CDATA[]]></system-out>
  <system-err><![CDATA[]]></system-err>
</testsuite>
